<?xml version="1.0" encoding="UTF-8"?>
<!-- Generated by org.testng.reporters.JUnitXMLReporter -->
<testsuite hostname="EVT02096NB" ignored="0" name="Default test" tests="3" failures="0" timestamp="11 Kas 2021 13:08:59 GMT" time="9.076" errors="0">
  <testcase name="addNewProduct" time="1.917" classname="guru.springframework.CreateSeleniumWebDriverTest"/>
  <testcase name="editProduct" time="6.271" classname="guru.springframework.CreateSeleniumWebDriverTest"/>
  <testcase name="viewProduct" time="0.483" classname="guru.springframework.CreateSeleniumWebDriverTest"/>
</testsuite> <!-- Default test -->
